{
  "RSpec": {
    "coverage": {
      "/Users/Emanuele/Desktop/Projects/teamproject1/acebook--Team-Acebook-and-Chill/app/models/user.rb": [
        1,
        null,
        1,
        1,
        null,
        null,
        1,
        1,
        null,
        null
      ],
      "/Users/Emanuele/Desktop/Projects/teamproject1/acebook--Team-Acebook-and-Chill/app/models/application_record.rb": [
        1,
        1,
        null
      ],
      "/Users/Emanuele/Desktop/Projects/teamproject1/acebook--Team-Acebook-and-Chill/app/helpers/application_helper.rb": [
        1,
        null,
        null,
        null,
        null,
        null,
        null,
        null,
        null,
        null,
        null,
        null,
        null,
        null,
        null,
        null,
        null
      ],
      "/Users/Emanuele/Desktop/Projects/teamproject1/acebook--Team-Acebook-and-Chill/app/helpers/errors_helper.rb": [
        1,
        null
      ],
      "/Users/Emanuele/Desktop/Projects/teamproject1/acebook--Team-Acebook-and-Chill/app/helpers/home_helper.rb": [
        1,
        null
      ],
      "/Users/Emanuele/Desktop/Projects/teamproject1/acebook--Team-Acebook-and-Chill/app/helpers/walls_helper.rb": [
        1,
        null
      ],
      "/Users/Emanuele/Desktop/Projects/teamproject1/acebook--Team-Acebook-and-Chill/app/controllers/errors_controller.rb": [
        1,
        1,
        0,
        null,
        null
      ],
      "/Users/Emanuele/Desktop/Projects/teamproject1/acebook--Team-Acebook-and-Chill/app/controllers/application_controller.rb": [
        1,
        1,
        1,
        1,
        1,
        null,
        1,
        107,
        null,
        null,
        1,
        56,
        null,
        null,
        1,
        null,
        1,
        16,
        null,
        null,
        1,
        0,
        null,
        null
      ],
      "/Users/Emanuele/Desktop/Projects/teamproject1/acebook--Team-Acebook-and-Chill/app/controllers/home_controller.rb": [
        1,
        1,
        null,
        null,
        null
      ],
      "/Users/Emanuele/Desktop/Projects/teamproject1/acebook--Team-Acebook-and-Chill/app/controllers/posts_controller.rb": [
        1,
        1,
        4,
        null,
        1,
        24,
        null,
        1,
        4,
        4,
        null,
        1,
        24,
        null,
        1,
        8,
        null,
        1,
        null,
        1,
        0,
        null,
        null,
        1,
        0,
        null,
        0,
        0,
        null,
        0,
        null,
        null,
        null,
        1,
        0,
        0,
        0,
        null,
        null,
        null,
        1,
        1,
        1,
        1,
        null,
        null,
        1,
        null,
        1,
        4,
        null,
        null,
        1,
        4,
        null,
        null,
        null,
        1,
        4,
        null,
        null
      ],
      "/Users/Emanuele/Desktop/Projects/teamproject1/acebook--Team-Acebook-and-Chill/app/controllers/walls_controller.rb": [
        1,
        null,
        1,
        28,
        28,
        28,
        null,
        null,
        1,
        0,
        null,
        null
      ],
      "/Users/beatricecourage/Projects/Enginnering_Project_2weeks/acebook--Team-Acebook-and-Chill/app/models/comment.rb": [
        1,
        null,
        1,
        1,
        null,
        1,
        6,
        6,
        6,
        null,
        null
      ],
      "/Users/beatricecourage/Projects/Enginnering_Project_2weeks/acebook--Team-Acebook-and-Chill/app/models/post.rb": [
        1,
        1,
        null,
        1,
        0,
        null,
        null,
        1,
        2,
        1,
        null,
        1,
        null,
        null,
        1,
        6,
        null,
        null,
        1,
        28,
        null,
        null
      ],
      "/Users/Emanuele/Desktop/Projects/teamproject1/acebook--Team-Acebook-and-Chill/app/models/post.rb": [
        1,
        1,
        null,
        1,
        19,
        null,
        null,
        1,
        16,
        15,
        null,
        1,
        null,
        null,
        null,
        null
      ]
    },
    "timestamp": 1549640168
  }
}
