{
  "RSpec": {
    "coverage": {
      "/Users/Emanuele/Desktop/Projects/teamproject1/acebook--Team-Acebook-and-Chill/app/models/user.rb": [
        1,
        null,
        1,
        1,
        null,
        null,
        1,
        null,
        null
      ],
      "/Users/Emanuele/Desktop/Projects/teamproject1/acebook--Team-Acebook-and-Chill/app/models/application_record.rb": [
        1,
        1,
        null
      ],
      "/Users/Emanuele/Desktop/Projects/teamproject1/acebook--Team-Acebook-and-Chill/app/helpers/application_helper.rb": [
        1,
        null,
        null,
        null,
        null,
        null,
        null,
        null,
        null,
        null,
        null,
        null,
        null,
        null,
        null,
        null,
        null
      ],
      "/Users/Emanuele/Desktop/Projects/teamproject1/acebook--Team-Acebook-and-Chill/app/helpers/home_helper.rb": [
        1,
        null
      ],
      "/Users/Emanuele/Desktop/Projects/teamproject1/acebook--Team-Acebook-and-Chill/app/helpers/walls_helper.rb": [
        1,
        null
      ],
      "/Users/Emanuele/Desktop/Projects/teamproject1/acebook--Team-Acebook-and-Chill/app/controllers/home_controller.rb": [
        1,
        1,
        null,
        null,
        null
      ],
      "/Users/Emanuele/Desktop/Projects/teamproject1/acebook--Team-Acebook-and-Chill/app/controllers/application_controller.rb": [
        1,
        1,
        1,
        1,
        1,
        null,
        1,
        96,
        null,
        null,
        1,
        56,
        null,
        null,
        1,
        null,
        1,
        16,
        null,
        null,
        1,
        0,
        null,
        null
      ],
      "/Users/Emanuele/Desktop/Projects/teamproject1/acebook--Team-Acebook-and-Chill/app/controllers/posts_controller.rb": [
        1,
        1,
        4,
        null,
        null,
        1,
        4,
        4,
        null,
        null,
        1,
        8,
        null,
        null,
        1,
        0,
        null,
        null,
        1,
        0,
        null,
        0,
        0,
        null,
        0,
        null,
        null,
        null,
        1,
        0,
        0,
        0,
        null,
        null,
        null,
        1,
        0,
        0,
        0,
        null,
        null,
        1,
        null,
        1,
        4,
        null,
        null,
        1,
        4,
        null,
        null,
        null,
        1,
        4,
        null,
        null
      ],
      "/Users/Emanuele/Desktop/Projects/teamproject1/acebook--Team-Acebook-and-Chill/app/controllers/walls_controller.rb": [
        1,
        null,
        1,
        22,
        22,
        22,
        null,
        null,
        1,
        0,
        null,
        null,
        null,
        1,
        1,
        1,
        1,
        null,
        null,
        1,
        0,
        null,
        null,
        null,
        1,
        null,
        null,
        1,
        1,
        null,
        null,
        1,
        22,
        null,
        null
      ],
      "/Users/Emanuele/Desktop/Projects/teamproject1/acebook--Team-Acebook-and-Chill/app/models/post.rb": [
        1,
        1,
        null,
        1,
        1,
        null,
        null,
        1,
        11,
        10,
        null,
        1,
        null,
        null,
        null,
        null
      ]
    },
    "timestamp": 1549638968
  }
}
